<?xml version="1.0" encoding="UTF-8"?>
<testsuite xmlns:xsi="http://www.w3.org/2001/XMLSchema-instance" xsi:noNamespaceSchemaLocation="https://maven.apache.org/surefire/maven-surefire-plugin/xsd/surefire-test-report-3.0.xsd" version="3.0" name="com.example.bookexplorer.client.OpenLibraryClientTest" time="1.883" tests="4" errors="0" skipped="0" failures="0">
  <properties>
[...]
</properties>
  <testcase name="fetchBySubject_parsesResponseIntoBookMessages" classname="com.example.bookexplorer.client.OpenLibraryClientTest" time="1.78">
    <system-err><![CDATA[WARNING: A Java agent has been loaded dynamically (C:\Users\teodo\.m2\repository\net\bytebuddy\byte-buddy-agent\1.14.13\byte-buddy-agent-1.14.13.jar)
WARNING: If a serviceability tool is in use, please run with -XX:+EnableDynamicAgentLoading to hide this warning
WARNING: If a serviceability tool is not in use, please run with -Djdk.instrument.traceUsage for more information
WARNING: Dynamic loading of agents will be disallowed by default in a future release
]]></system-err>
  </testcase>
  <testcase name="fetchBySubject_skipsDocsWithMissingKeyOrTitle" classname="com.example.bookexplorer.client.OpenLibraryClientTest" time="0.016"/>
  <testcase name="fetchBySubject_returnsEmptyListOnHttpError" classname="com.example.bookexplorer.client.OpenLibraryClientTest" time="0.022">
    <system-out><![CDATA[14:27:05.544 [main] ERROR com.example.bookexplorer.client.OpenLibraryClient -- Failed to fetch books for subject 'science': connection refused
]]></system-out>
  </testcase>
  <testcase name="fetchBySubject_returnsEmptyListWhenResponseIsNull" classname="com.example.bookexplorer.client.OpenLibraryClientTest" time="0.004"/>
</testsuite>